<?xml version="1.0" encoding="UTF-8"?>
<!-- Generated by org.testng.reporters.JUnitReportReporter -->
<testsuite skipped="0" hostname="EPCNSZXW0234" name="runner.TestNG" tests="1" failures="0" timestamp="2022-04-06T21:25:33 CST" time="12.568" errors="0">
  <testcase name="googleSearch" time="12.568" classname="runner.TestNG"/>
  <system-out/>
</testsuite> <!-- runner.TestNG -->
