<?xml version="1.0" encoding="UTF-8"?>
<testsuite xmlns:xsi="http://www.w3.org/2001/XMLSchema-instance" xsi:noNamespaceSchemaLocation="https://maven.apache.org/surefire/maven-surefire-plugin/xsd/surefire-test-report.xsd" name="runner.TestRunner" time="1.015" tests="3" errors="0" skipped="0" failures="0">
  <properties>
    <property name="sun.desktop" value="windows"/>
    <property name="awt.toolkit" value="sun.awt.windows.WToolkit"/>
    <property name="file.encoding.pkg" value="sun.io"/>
    <property name="java.specification.version" value="1.8"/>
    <property name="sun.cpu.isalist" value="amd64"/>
    <property name="sun.jnu.encoding" value="GBK"/>
    <property name="java.class.path" value="D:\Git\Cucumber\CucumberCmd\target\test-classes;D:\Git\Cucumber\CucumberCmd\target\classes;D:\Automation\maven_repository\io\cucumber\cucumber-java\7.2.2\cucumber-java-7.2.2.jar;D:\Automation\maven_repository\io\cucumber\cucumber-core\7.2.2\cucumber-core-7.2.2.jar;D:\Automation\maven_repository\io\cucumber\cucumber-gherkin\7.2.2\cucumber-gherkin-7.2.2.jar;D:\Automation\maven_repository\io\cucumber\cucumber-gherkin-messages\7.2.2\cucumber-gherkin-messages-7.2.2.jar;D:\Automation\maven_repository\io\cucumber\messages\17.1.1\messages-17.1.1.jar;D:\Automation\maven_repository\io\cucumber\tag-expressions\4.1.0\tag-expressions-4.1.0.jar;D:\Automation\maven_repository\io\cucumber\cucumber-expressions\15.0.1\cucumber-expressions-15.0.1.jar;D:\Automation\maven_repository\io\cucumber\datatable\7.2.2\datatable-7.2.2.jar;D:\Automation\maven_repository\io\cucumber\cucumber-plugin\7.2.2\cucumber-plugin-7.2.2.jar;D:\Automation\maven_repository\io\cucumber\docstring\7.2.2\docstring-7.2.2.jar;D:\Automation\maven_repository\io\cucumber\html-formatter\17.0.0\html-formatter-17.0.0.jar;D:\Automation\maven_repository\io\cucumber\ci-environment\8.1.0\ci-environment-8.1.0.jar;D:\Automation\maven_repository\org\apiguardian\apiguardian-api\1.1.2\apiguardian-api-1.1.2.jar;D:\Automation\maven_repository\junit\junit\4.13.2\junit-4.13.2.jar;D:\Automation\maven_repository\org\hamcrest\hamcrest-core\1.3\hamcrest-core-1.3.jar;D:\Automation\maven_repository\io\cucumber\cucumber-junit\7.2.2\cucumber-junit-7.2.2.jar;D:\Automation\maven_repository\org\seleniumhq\selenium\selenium-java\4.1.1\selenium-java-4.1.1.jar;D:\Automation\maven_repository\org\seleniumhq\selenium\selenium-api\4.1.1\selenium-api-4.1.1.jar;D:\Automation\maven_repository\org\seleniumhq\selenium\selenium-chrome-driver\4.1.1\selenium-chrome-driver-4.1.1.jar;D:\Automation\maven_repository\com\google\auto\service\auto-service-annotations\1.0.1\auto-service-annotations-1.0.1.jar;D:\Automation\maven_repository\com\google\auto\service\auto-service\1.0.1\auto-service-1.0.1.jar;D:\Automation\maven_repository\com\google\auto\auto-common\1.2\auto-common-1.2.jar;D:\Automation\maven_repository\com\google\guava\guava\31.0.1-jre\guava-31.0.1-jre.jar;D:\Automation\maven_repository\com\google\guava\failureaccess\1.0.1\failureaccess-1.0.1.jar;D:\Automation\maven_repository\com\google\guava\listenablefuture\9999.0-empty-to-avoid-conflict-with-guava\listenablefuture-9999.0-empty-to-avoid-conflict-with-guava.jar;D:\Automation\maven_repository\com\google\code\findbugs\jsr305\3.0.2\jsr305-3.0.2.jar;D:\Automation\maven_repository\org\checkerframework\checker-qual\3.12.0\checker-qual-3.12.0.jar;D:\Automation\maven_repository\com\google\errorprone\error_prone_annotations\2.7.1\error_prone_annotations-2.7.1.jar;D:\Automation\maven_repository\com\google\j2objc\j2objc-annotations\1.3\j2objc-annotations-1.3.jar;D:\Automation\maven_repository\org\seleniumhq\selenium\selenium-chromium-driver\4.1.1\selenium-chromium-driver-4.1.1.jar;D:\Automation\maven_repository\org\seleniumhq\selenium\selenium-json\4.1.1\selenium-json-4.1.1.jar;D:\Automation\maven_repository\org\seleniumhq\selenium\selenium-devtools-v85\4.1.1\selenium-devtools-v85-4.1.1.jar;D:\Automation\maven_repository\org\seleniumhq\selenium\selenium-devtools-v94\4.1.1\selenium-devtools-v94-4.1.1.jar;D:\Automation\maven_repository\org\seleniumhq\selenium\selenium-devtools-v95\4.1.1\selenium-devtools-v95-4.1.1.jar;D:\Automation\maven_repository\org\seleniumhq\selenium\selenium-devtools-v96\4.1.1\selenium-devtools-v96-4.1.1.jar;D:\Automation\maven_repository\org\seleniumhq\selenium\selenium-edge-driver\4.1.1\selenium-edge-driver-4.1.1.jar;D:\Automation\maven_repository\org\seleniumhq\selenium\selenium-firefox-driver\4.1.1\selenium-firefox-driver-4.1.1.jar;D:\Automation\maven_repository\org\seleniumhq\selenium\selenium-firefox-xpi-driver\4.1.1\selenium-firefox-xpi-driver-4.1.1.jar;D:\Automation\maven_repository\org\seleniumhq\selenium\selenium-ie-driver\4.1.1\selenium-ie-driver-4.1.1.jar;D:\Automation\maven_repository\org\seleniumhq\selenium\selenium-opera-driver\4.1.1\selenium-opera-driver-4.1.1.jar;D:\Automation\maven_repository\org\seleniumhq\selenium\selenium-remote-driver\4.1.1\selenium-remote-driver-4.1.1.jar;D:\Automation\maven_repository\com\beust\jcommander\1.81\jcommander-1.81.jar;D:\Automation\maven_repository\io\netty\netty-buffer\4.1.70.Final\netty-buffer-4.1.70.Final.jar;D:\Automation\maven_repository\io\netty\netty-codec-http\4.1.70.Final\netty-codec-http-4.1.70.Final.jar;D:\Automation\maven_repository\io\netty\netty-codec\4.1.70.Final\netty-codec-4.1.70.Final.jar;D:\Automation\maven_repository\io\netty\netty-handler\4.1.70.Final\netty-handler-4.1.70.Final.jar;D:\Automation\maven_repository\io\netty\netty-common\4.1.70.Final\netty-common-4.1.70.Final.jar;D:\Automation\maven_repository\io\netty\netty-transport-classes-epoll\4.1.70.Final\netty-transport-classes-epoll-4.1.70.Final.jar;D:\Automation\maven_repository\io\netty\netty-transport-classes-kqueue\4.1.70.Final\netty-transport-classes-kqueue-4.1.70.Final.jar;D:\Automation\maven_repository\io\netty\netty-transport-native-unix-common\4.1.70.Final\netty-transport-native-unix-common-4.1.70.Final.jar;D:\Automation\maven_repository\io\netty\netty-transport\4.1.70.Final\netty-transport-4.1.70.Final.jar;D:\Automation\maven_repository\io\netty\netty-resolver\4.1.70.Final\netty-resolver-4.1.70.Final.jar;D:\Automation\maven_repository\io\opentelemetry\opentelemetry-api\1.9.1\opentelemetry-api-1.9.1.jar;D:\Automation\maven_repository\io\opentelemetry\opentelemetry-context\1.9.1\opentelemetry-context-1.9.1.jar;D:\Automation\maven_repository\io\opentelemetry\opentelemetry-exporter-logging\1.9.1\opentelemetry-exporter-logging-1.9.1.jar;D:\Automation\maven_repository\io\opentelemetry\opentelemetry-sdk-metrics\1.9.1-alpha\opentelemetry-sdk-metrics-1.9.1-alpha.jar;D:\Automation\maven_repository\io\opentelemetry\opentelemetry-sdk-logs\1.9.1-alpha\opentelemetry-sdk-logs-1.9.1-alpha.jar;D:\Automation\maven_repository\com\fasterxml\jackson\core\jackson-databind\2.13.0\jackson-databind-2.13.0.jar;D:\Automation\maven_repository\com\fasterxml\jackson\core\jackson-annotations\2.13.0\jackson-annotations-2.13.0.jar;D:\Automation\maven_repository\com\fasterxml\jackson\core\jackson-core\2.13.0\jackson-core-2.13.0.jar;D:\Automation\maven_repository\io\opentelemetry\opentelemetry-sdk-common\1.9.1\opentelemetry-sdk-common-1.9.1.jar;D:\Automation\maven_repository\io\opentelemetry\opentelemetry-sdk-extension-autoconfigure-spi\1.9.1\opentelemetry-sdk-extension-autoconfigure-spi-1.9.1.jar;D:\Automation\maven_repository\io\opentelemetry\opentelemetry-sdk-extension-autoconfigure\1.9.1-alpha\opentelemetry-sdk-extension-autoconfigure-1.9.1-alpha.jar;D:\Automation\maven_repository\io\opentelemetry\opentelemetry-sdk-trace\1.9.1\opentelemetry-sdk-trace-1.9.1.jar;D:\Automation\maven_repository\io\opentelemetry\opentelemetry-api-metrics\1.9.1-alpha\opentelemetry-api-metrics-1.9.1-alpha.jar;D:\Automation\maven_repository\io\opentelemetry\opentelemetry-sdk\1.9.1\opentelemetry-sdk-1.9.1.jar;D:\Automation\maven_repository\io\opentelemetry\opentelemetry-semconv\1.9.1-alpha\opentelemetry-semconv-1.9.1-alpha.jar;D:\Automation\maven_repository\io\ous\jtoml\2.0.0\jtoml-2.0.0.jar;D:\Automation\maven_repository\net\bytebuddy\byte-buddy\1.12.2\byte-buddy-1.12.2.jar;D:\Automation\maven_repository\org\apache\commons\commons-exec\1.3\commons-exec-1.3.jar;D:\Automation\maven_repository\org\asynchttpclient\async-http-client\2.12.3\async-http-client-2.12.3.jar;D:\Automation\maven_repository\org\asynchttpclient\async-http-client-netty-utils\2.12.3\async-http-client-netty-utils-2.12.3.jar;D:\Automation\maven_repository\io\netty\netty-codec-socks\4.1.60.Final\netty-codec-socks-4.1.60.Final.jar;D:\Automation\maven_repository\io\netty\netty-handler-proxy\4.1.60.Final\netty-handler-proxy-4.1.60.Final.jar;D:\Automation\maven_repository\io\netty\netty-transport-native-epoll\4.1.60.Final\netty-transport-native-epoll-4.1.60.Final-linux-x86_64.jar;D:\Automation\maven_repository\io\netty\netty-transport-native-kqueue\4.1.60.Final\netty-transport-native-kqueue-4.1.60.Final-osx-x86_64.jar;D:\Automation\maven_repository\org\reactivestreams\reactive-streams\1.0.3\reactive-streams-1.0.3.jar;D:\Automation\maven_repository\com\typesafe\netty\netty-reactive-streams\2.0.4\netty-reactive-streams-2.0.4.jar;D:\Automation\maven_repository\org\slf4j\slf4j-api\1.7.30\slf4j-api-1.7.30.jar;D:\Automation\maven_repository\com\sun\activation\jakarta.activation\1.2.2\jakarta.activation-1.2.2.jar;D:\Automation\maven_repository\org\seleniumhq\selenium\selenium-http\4.1.1\selenium-http-4.1.1.jar;D:\Automation\maven_repository\net\jodah\failsafe\2.4.4\failsafe-2.4.4.jar;D:\Automation\maven_repository\org\seleniumhq\selenium\selenium-safari-driver\4.1.1\selenium-safari-driver-4.1.1.jar;D:\Automation\maven_repository\org\seleniumhq\selenium\selenium-support\4.1.1\selenium-support-4.1.1.jar;"/>
    <property name="java.vm.vendor" value="Oracle Corporation"/>
    <property name="sun.arch.data.model" value="64"/>
    <property name="user.variant" value=""/>
    <property name="java.vendor.url" value="http://java.oracle.com/"/>
    <property name="user.timezone" value="Asia/Shanghai"/>
    <property name="java.vm.specification.version" value="1.8"/>
    <property name="os.name" value="Windows 10"/>
    <property name="user.country" value="US"/>
    <property name="sun.java.launcher" value="SUN_STANDARD"/>
    <property name="sun.boot.library.path" value="C:\Program Files\Java\jdk1.8.0_251\jre\bin"/>
    <property name="sun.java.command" value="C:\Users\ALBERT~1\AppData\Local\Temp\surefire2794291914857372283\surefirebooter3562060114148994704.jar C:\Users\Albert_Tang\AppData\Local\Temp\surefire2794291914857372283 2022-01-20T15-36-18_357-jvmRun1 surefire638091850500743129tmp surefire_0836113136378913986tmp"/>
    <property name="surefire.test.class.path" value="D:\Git\Cucumber\CucumberCmd\target\test-classes;D:\Git\Cucumber\CucumberCmd\target\classes;D:\Automation\maven_repository\io\cucumber\cucumber-java\7.2.2\cucumber-java-7.2.2.jar;D:\Automation\maven_repository\io\cucumber\cucumber-core\7.2.2\cucumber-core-7.2.2.jar;D:\Automation\maven_repository\io\cucumber\cucumber-gherkin\7.2.2\cucumber-gherkin-7.2.2.jar;D:\Automation\maven_repository\io\cucumber\cucumber-gherkin-messages\7.2.2\cucumber-gherkin-messages-7.2.2.jar;D:\Automation\maven_repository\io\cucumber\messages\17.1.1\messages-17.1.1.jar;D:\Automation\maven_repository\io\cucumber\tag-expressions\4.1.0\tag-expressions-4.1.0.jar;D:\Automation\maven_repository\io\cucumber\cucumber-expressions\15.0.1\cucumber-expressions-15.0.1.jar;D:\Automation\maven_repository\io\cucumber\datatable\7.2.2\datatable-7.2.2.jar;D:\Automation\maven_repository\io\cucumber\cucumber-plugin\7.2.2\cucumber-plugin-7.2.2.jar;D:\Automation\maven_repository\io\cucumber\docstring\7.2.2\docstring-7.2.2.jar;D:\Automation\maven_repository\io\cucumber\html-formatter\17.0.0\html-formatter-17.0.0.jar;D:\Automation\maven_repository\io\cucumber\ci-environment\8.1.0\ci-environment-8.1.0.jar;D:\Automation\maven_repository\org\apiguardian\apiguardian-api\1.1.2\apiguardian-api-1.1.2.jar;D:\Automation\maven_repository\junit\junit\4.13.2\junit-4.13.2.jar;D:\Automation\maven_repository\org\hamcrest\hamcrest-core\1.3\hamcrest-core-1.3.jar;D:\Automation\maven_repository\io\cucumber\cucumber-junit\7.2.2\cucumber-junit-7.2.2.jar;D:\Automation\maven_repository\org\seleniumhq\selenium\selenium-java\4.1.1\selenium-java-4.1.1.jar;D:\Automation\maven_repository\org\seleniumhq\selenium\selenium-api\4.1.1\selenium-api-4.1.1.jar;D:\Automation\maven_repository\org\seleniumhq\selenium\selenium-chrome-driver\4.1.1\selenium-chrome-driver-4.1.1.jar;D:\Automation\maven_repository\com\google\auto\service\auto-service-annotations\1.0.1\auto-service-annotations-1.0.1.jar;D:\Automation\maven_repository\com\google\auto\service\auto-service\1.0.1\auto-service-1.0.1.jar;D:\Automation\maven_repository\com\google\auto\auto-common\1.2\auto-common-1.2.jar;D:\Automation\maven_repository\com\google\guava\guava\31.0.1-jre\guava-31.0.1-jre.jar;D:\Automation\maven_repository\com\google\guava\failureaccess\1.0.1\failureaccess-1.0.1.jar;D:\Automation\maven_repository\com\google\guava\listenablefuture\9999.0-empty-to-avoid-conflict-with-guava\listenablefuture-9999.0-empty-to-avoid-conflict-with-guava.jar;D:\Automation\maven_repository\com\google\code\findbugs\jsr305\3.0.2\jsr305-3.0.2.jar;D:\Automation\maven_repository\org\checkerframework\checker-qual\3.12.0\checker-qual-3.12.0.jar;D:\Automation\maven_repository\com\google\errorprone\error_prone_annotations\2.7.1\error_prone_annotations-2.7.1.jar;D:\Automation\maven_repository\com\google\j2objc\j2objc-annotations\1.3\j2objc-annotations-1.3.jar;D:\Automation\maven_repository\org\seleniumhq\selenium\selenium-chromium-driver\4.1.1\selenium-chromium-driver-4.1.1.jar;D:\Automation\maven_repository\org\seleniumhq\selenium\selenium-json\4.1.1\selenium-json-4.1.1.jar;D:\Automation\maven_repository\org\seleniumhq\selenium\selenium-devtools-v85\4.1.1\selenium-devtools-v85-4.1.1.jar;D:\Automation\maven_repository\org\seleniumhq\selenium\selenium-devtools-v94\4.1.1\selenium-devtools-v94-4.1.1.jar;D:\Automation\maven_repository\org\seleniumhq\selenium\selenium-devtools-v95\4.1.1\selenium-devtools-v95-4.1.1.jar;D:\Automation\maven_repository\org\seleniumhq\selenium\selenium-devtools-v96\4.1.1\selenium-devtools-v96-4.1.1.jar;D:\Automation\maven_repository\org\seleniumhq\selenium\selenium-edge-driver\4.1.1\selenium-edge-driver-4.1.1.jar;D:\Automation\maven_repository\org\seleniumhq\selenium\selenium-firefox-driver\4.1.1\selenium-firefox-driver-4.1.1.jar;D:\Automation\maven_repository\org\seleniumhq\selenium\selenium-firefox-xpi-driver\4.1.1\selenium-firefox-xpi-driver-4.1.1.jar;D:\Automation\maven_repository\org\seleniumhq\selenium\selenium-ie-driver\4.1.1\selenium-ie-driver-4.1.1.jar;D:\Automation\maven_repository\org\seleniumhq\selenium\selenium-opera-driver\4.1.1\selenium-opera-driver-4.1.1.jar;D:\Automation\maven_repository\org\seleniumhq\selenium\selenium-remote-driver\4.1.1\selenium-remote-driver-4.1.1.jar;D:\Automation\maven_repository\com\beust\jcommander\1.81\jcommander-1.81.jar;D:\Automation\maven_repository\io\netty\netty-buffer\4.1.70.Final\netty-buffer-4.1.70.Final.jar;D:\Automation\maven_repository\io\netty\netty-codec-http\4.1.70.Final\netty-codec-http-4.1.70.Final.jar;D:\Automation\maven_repository\io\netty\netty-codec\4.1.70.Final\netty-codec-4.1.70.Final.jar;D:\Automation\maven_repository\io\netty\netty-handler\4.1.70.Final\netty-handler-4.1.70.Final.jar;D:\Automation\maven_repository\io\netty\netty-common\4.1.70.Final\netty-common-4.1.70.Final.jar;D:\Automation\maven_repository\io\netty\netty-transport-classes-epoll\4.1.70.Final\netty-transport-classes-epoll-4.1.70.Final.jar;D:\Automation\maven_repository\io\netty\netty-transport-classes-kqueue\4.1.70.Final\netty-transport-classes-kqueue-4.1.70.Final.jar;D:\Automation\maven_repository\io\netty\netty-transport-native-unix-common\4.1.70.Final\netty-transport-native-unix-common-4.1.70.Final.jar;D:\Automation\maven_repository\io\netty\netty-transport\4.1.70.Final\netty-transport-4.1.70.Final.jar;D:\Automation\maven_repository\io\netty\netty-resolver\4.1.70.Final\netty-resolver-4.1.70.Final.jar;D:\Automation\maven_repository\io\opentelemetry\opentelemetry-api\1.9.1\opentelemetry-api-1.9.1.jar;D:\Automation\maven_repository\io\opentelemetry\opentelemetry-context\1.9.1\opentelemetry-context-1.9.1.jar;D:\Automation\maven_repository\io\opentelemetry\opentelemetry-exporter-logging\1.9.1\opentelemetry-exporter-logging-1.9.1.jar;D:\Automation\maven_repository\io\opentelemetry\opentelemetry-sdk-metrics\1.9.1-alpha\opentelemetry-sdk-metrics-1.9.1-alpha.jar;D:\Automation\maven_repository\io\opentelemetry\opentelemetry-sdk-logs\1.9.1-alpha\opentelemetry-sdk-logs-1.9.1-alpha.jar;D:\Automation\maven_repository\com\fasterxml\jackson\core\jackson-databind\2.13.0\jackson-databind-2.13.0.jar;D:\Automation\maven_repository\com\fasterxml\jackson\core\jackson-annotations\2.13.0\jackson-annotations-2.13.0.jar;D:\Automation\maven_repository\com\fasterxml\jackson\core\jackson-core\2.13.0\jackson-core-2.13.0.jar;D:\Automation\maven_repository\io\opentelemetry\opentelemetry-sdk-common\1.9.1\opentelemetry-sdk-common-1.9.1.jar;D:\Automation\maven_repository\io\opentelemetry\opentelemetry-sdk-extension-autoconfigure-spi\1.9.1\opentelemetry-sdk-extension-autoconfigure-spi-1.9.1.jar;D:\Automation\maven_repository\io\opentelemetry\opentelemetry-sdk-extension-autoconfigure\1.9.1-alpha\opentelemetry-sdk-extension-autoconfigure-1.9.1-alpha.jar;D:\Automation\maven_repository\io\opentelemetry\opentelemetry-sdk-trace\1.9.1\opentelemetry-sdk-trace-1.9.1.jar;D:\Automation\maven_repository\io\opentelemetry\opentelemetry-api-metrics\1.9.1-alpha\opentelemetry-api-metrics-1.9.1-alpha.jar;D:\Automation\maven_repository\io\opentelemetry\opentelemetry-sdk\1.9.1\opentelemetry-sdk-1.9.1.jar;D:\Automation\maven_repository\io\opentelemetry\opentelemetry-semconv\1.9.1-alpha\opentelemetry-semconv-1.9.1-alpha.jar;D:\Automation\maven_repository\io\ous\jtoml\2.0.0\jtoml-2.0.0.jar;D:\Automation\maven_repository\net\bytebuddy\byte-buddy\1.12.2\byte-buddy-1.12.2.jar;D:\Automation\maven_repository\org\apache\commons\commons-exec\1.3\commons-exec-1.3.jar;D:\Automation\maven_repository\org\asynchttpclient\async-http-client\2.12.3\async-http-client-2.12.3.jar;D:\Automation\maven_repository\org\asynchttpclient\async-http-client-netty-utils\2.12.3\async-http-client-netty-utils-2.12.3.jar;D:\Automation\maven_repository\io\netty\netty-codec-socks\4.1.60.Final\netty-codec-socks-4.1.60.Final.jar;D:\Automation\maven_repository\io\netty\netty-handler-proxy\4.1.60.Final\netty-handler-proxy-4.1.60.Final.jar;D:\Automation\maven_repository\io\netty\netty-transport-native-epoll\4.1.60.Final\netty-transport-native-epoll-4.1.60.Final-linux-x86_64.jar;D:\Automation\maven_repository\io\netty\netty-transport-native-kqueue\4.1.60.Final\netty-transport-native-kqueue-4.1.60.Final-osx-x86_64.jar;D:\Automation\maven_repository\org\reactivestreams\reactive-streams\1.0.3\reactive-streams-1.0.3.jar;D:\Automation\maven_repository\com\typesafe\netty\netty-reactive-streams\2.0.4\netty-reactive-streams-2.0.4.jar;D:\Automation\maven_repository\org\slf4j\slf4j-api\1.7.30\slf4j-api-1.7.30.jar;D:\Automation\maven_repository\com\sun\activation\jakarta.activation\1.2.2\jakarta.activation-1.2.2.jar;D:\Automation\maven_repository\org\seleniumhq\selenium\selenium-http\4.1.1\selenium-http-4.1.1.jar;D:\Automation\maven_repository\net\jodah\failsafe\2.4.4\failsafe-2.4.4.jar;D:\Automation\maven_repository\org\seleniumhq\selenium\selenium-safari-driver\4.1.1\selenium-safari-driver-4.1.1.jar;D:\Automation\maven_repository\org\seleniumhq\selenium\selenium-support\4.1.1\selenium-support-4.1.1.jar;"/>
    <property name="sun.cpu.endian" value="little"/>
    <property name="user.home" value="C:\Users\Albert_Tang"/>
    <property name="user.language" value="en"/>
    <property name="java.specification.vendor" value="Oracle Corporation"/>
    <property name="java.home" value="C:\Program Files\Java\jdk1.8.0_251\jre"/>
    <property name="basedir" value="D:\Git\Cucumber\CucumberCmd"/>
    <property name="file.separator" value="\"/>
    <property name="line.separator" value="&#10;"/>
    <property name="java.vm.specification.vendor" value="Oracle Corporation"/>
    <property name="java.specification.name" value="Java Platform API Specification"/>
    <property name="java.awt.graphicsenv" value="sun.awt.Win32GraphicsEnvironment"/>
    <property name="surefire.real.class.path" value="C:\Users\ALBERT~1\AppData\Local\Temp\surefire2794291914857372283\surefirebooter3562060114148994704.jar"/>
    <property name="sun.boot.class.path" value="C:\Program Files\Java\jdk1.8.0_251\jre\lib\resources.jar;C:\Program Files\Java\jdk1.8.0_251\jre\lib\rt.jar;C:\Program Files\Java\jdk1.8.0_251\jre\lib\sunrsasign.jar;C:\Program Files\Java\jdk1.8.0_251\jre\lib\jsse.jar;C:\Program Files\Java\jdk1.8.0_251\jre\lib\jce.jar;C:\Program Files\Java\jdk1.8.0_251\jre\lib\charsets.jar;C:\Program Files\Java\jdk1.8.0_251\jre\lib\jfr.jar;C:\Program Files\Java\jdk1.8.0_251\jre\classes"/>
    <property name="user.script" value=""/>
    <property name="sun.management.compiler" value="HotSpot 64-Bit Tiered Compilers"/>
    <property name="java.runtime.version" value="1.8.0_251-b08"/>
    <property name="user.name" value="Albert_Tang"/>
    <property name="path.separator" value=";"/>
    <property name="os.version" value="10.0"/>
    <property name="java.endorsed.dirs" value="C:\Program Files\Java\jdk1.8.0_251\jre\lib\endorsed"/>
    <property name="java.runtime.name" value="Java(TM) SE Runtime Environment"/>
    <property name="file.encoding" value="GBK"/>
    <property name="java.vm.name" value="Java HotSpot(TM) 64-Bit Server VM"/>
    <property name="localRepository" value="D:\Automation\maven_repository"/>
    <property name="java.vendor.url.bug" value="http://bugreport.sun.com/bugreport/"/>
    <property name="java.io.tmpdir" value="C:\Users\ALBERT~1\AppData\Local\Temp\"/>
    <property name="java.version" value="1.8.0_251"/>
    <property name="user.dir" value="D:\Git\Cucumber\CucumberCmd"/>
    <property name="os.arch" value="amd64"/>
    <property name="java.vm.specification.name" value="Java Virtual Machine Specification"/>
    <property name="java.awt.printerjob" value="sun.awt.windows.WPrinterJob"/>
    <property name="sun.os.patch.level" value=""/>
    <property name="java.library.path" value="C:\Program Files\Java\jdk1.8.0_251\jre\bin;C:\WINDOWS\Sun\Java\bin;C:\WINDOWS\system32;C:\WINDOWS;C:\Program Files (x86)\Common Files\Oracle\Java\javapath;C:\WINDOWS\system32;C:\WINDOWS;C:\WINDOWS\System32\Wbem;C:\WINDOWS\System32\WindowsPowerShell\v1.0\;C:\WINDOWS\System32\OpenSSH\;C:\Program Files\Java\jdk1.8.0_251\bin;C:\Program Files\Java\jdk1.8.0_251\jre\bin;D:\SOFTWARE\apache-jmeter-5.3\bin;C:\Program Files\Git\cmd;C:\Program Files (x86)\Google\Chrome\Application;D:\SOFTWARE\apache-maven-3.6.3-bin\apache-maven-3.6.3\bin;D:\INStallPATH\ANDSDK\platform-tools;D:\INStallPATH\ANDSDK\tools;D:\SOFTWARE\apache-ant-1.10.9-bin\apache-ant-1.10.9\bin;C:\jboss\bin;D:\INStallPATH\Python383\Scripts\;D:\INStallPATH\Python383\;C:\Users\Albert_Tang\AppData\Local\Microsoft\WindowsApps;;C:\Users\Albert_Tang\AppData\Local\Programs\Fiddler;D:\INStallPATH\VSCode\Microsoft VS Code\bin;."/>
    <property name="java.vm.info" value="mixed mode"/>
    <property name="java.vendor" value="Oracle Corporation"/>
    <property name="java.vm.version" value="25.251-b08"/>
    <property name="java.ext.dirs" value="C:\Program Files\Java\jdk1.8.0_251\jre\lib\ext;C:\WINDOWS\Sun\Java\lib\ext"/>
    <property name="sun.io.unicode.encoding" value="UnicodeLittle"/>
    <property name="java.class.version" value="52.0"/>
  </properties>
  <testcase name="user can login successfully #1" classname="check login functionality" time="0.144"/>
  <testcase name="user can login successfully #2" classname="check login functionality" time="0.014"/>
  <testcase name="user can not login successfully" classname="check login failed" time="0.01"/>
</testsuite>